{'text/html': '        <script type="text/javascript">\n        window.PlotlyConfig = {MathJaxConfig: \'local\'};\n        if (window.MathJax) {MathJax.Hub.Config({SVG: {font: "STIX-Web"}});}\n        if (typeof require !== \'undefined\') {\n        require.undef("plotly");\n        requirejs.config({\n            paths: {\n                \'plotly\': [\'https://cdn.plot.ly/plotly-latest.min\']\n            }\n        });\n        require([\'plotly\'], function(Plotly) {\n            window._Plotly = Plotly;\n        });\n        }\n        </script>\n        '}
Começou o processamento
128
655358.gml
7391,between

max node3.4246130049953564e-05

numerator:4.253044545058685

denominator:403638023709.0

47.91159009933472
655300.gml
6912,between

max node6.127105826174049e-05

numerator:4.423381002328059

denominator:330130391040.0

40.84858822822571
655382.gml
51932,between

max node9.729763215148952e-06

numerator:4.505117947803066

denominator:140051711164320.0

4511.960428476334
655319.gml
13149,between

max node0.00016131854285174715

numerator:6.120800271182044

denominator:2273066354547.0

178.77060914039612
655301.gml
14640,between

max node0.00022654803413323714

numerator:7.3162759843190495

denominator:3137356684800.0

218.66410064697266
655373.gml
7133,between

max node6.370642568963975e-06

numerator:4.045393718688484

denominator:362823062259.0

44.82342481613159
655334.gml
11014,between

max node1.6029663981631984e-05

numerator:4.176459092746184

denominator:1335845854352.0

110.39481282234192
655322.gml
22235,between

max node5.66728375021824e-05

numerator:5.259913278882181

denominator:10991889037425.0

550.8723483085632
