Traceback (most recent call last):
  File "app.py", line 76, in <module>
    app.loop_on_blockchain(655401, 655419)
  File "app.py", line 30, in loop_on_blockchain
    block = self.data.get_block_height(initial_height)
  File "/home/ubuntu/social-networks-project/social-networks-project/DataAPI/data.py", line 10, in get_block_height
    response = self.api.get_request('https://blockchain.info/block-height/' + str(height) + '?format=json')
  File "/home/ubuntu/social-networks-project/social-networks-project/DataAPI/api.py", line 9, in get_request
    return requests.get(url).json()
  File "/usr/lib/python3/dist-packages/requests/api.py", line 75, in get
    return request('get', url, params=params, **kwargs)
  File "/usr/lib/python3/dist-packages/requests/api.py", line 60, in request
    return session.request(method=method, url=url, **kwargs)
  File "/usr/lib/python3/dist-packages/requests/sessions.py", line 533, in request
    resp = self.send(prep, **send_kwargs)
  File "/usr/lib/python3/dist-packages/requests/sessions.py", line 686, in send
    r.content
  File "/usr/lib/python3/dist-packages/requests/models.py", line 828, in content
    self._content = b''.join(self.iter_content(CONTENT_CHUNK_SIZE)) or b''
  File "/usr/lib/python3/dist-packages/requests/models.py", line 750, in generate
    for chunk in self.raw.stream(chunk_size, decode_content=True):
  File "/usr/lib/python3/dist-packages/urllib3/response.py", line 560, in stream
    for line in self.read_chunked(amt, decode_content=decode_content):
  File "/usr/lib/python3/dist-packages/urllib3/response.py", line 752, in read_chunked
    self._update_chunk_length()
  File "/usr/lib/python3/dist-packages/urllib3/response.py", line 682, in _update_chunk_length
    line = self._fp.fp.readline()
  File "/usr/lib/python3.8/socket.py", line 669, in readinto
    return self._sock.recv_into(b)
  File "/usr/lib/python3/dist-packages/urllib3/contrib/pyopenssl.py", line 313, in recv_into
    return self.connection.recv_into(*args, **kwargs)
  File "/usr/lib/python3/dist-packages/OpenSSL/SSL.py", line 1821, in recv_into
    result = _lib.SSL_read(self._ssl, buf, nbytes)
KeyboardInterrupt
